[debug] [2020-10-11T07:11:12.862Z] ----------------------------------------------------------------------
[debug] [2020-10-11T07:11:12.869Z] Command:       C:\Program Files\nodejs\node.exe C:\Users\User\AppData\Roaming\npm\node_modules\firebase-tools\lib\bin\firebase.js init
[debug] [2020-10-11T07:11:12.869Z] CLI Version:   8.12.1
[debug] [2020-10-11T07:11:12.870Z] Platform:      win32
[debug] [2020-10-11T07:11:12.870Z] Node Version:  v10.19.0
[debug] [2020-10-11T07:11:12.871Z] Time:          Sun Oct 11 2020 12:41:12 GMT+0530 (India Standard Time)
[debug] [2020-10-11T07:11:12.871Z] ----------------------------------------------------------------------
[debug] [2020-10-11T07:11:12.871Z] 
[debug] [2020-10-11T07:11:12.889Z] > command requires scopes: ["email","openid","https://www.googleapis.com/auth/cloudplatformprojects.readonly","https://www.googleapis.com/auth/firebase","https://www.googleapis.com/auth/cloud-platform"]
[debug] [2020-10-11T07:11:12.890Z] > authorizing via signed-in user
[info] 
     ######## #### ########  ######## ########     ###     ######  ########
     ##        ##  ##     ## ##       ##     ##  ##   ##  ##       ##
     ######    ##  ########  ######   ########  #########  ######  ######
     ##        ##  ##    ##  ##       ##     ## ##     ##       ## ##
     ##       #### ##     ## ######## ########  ##     ##  ######  ########

You're about to initialize a Firebase project in this directory:

  C:\AKIMO

Before we get started, keep in mind:

  * You are currently outside your home directory
  * You are initializing in an existing Firebase project directory

[info] 
=== Project Setup
[info] 
[info] First, let's associate this project directory with a Firebase project.
[info] You can create multiple project aliases by running firebase use --add, 
[info] but for now we'll just set up a default project.
[info] 
[info] i  .firebaserc already has a default project, using akimo-71450. 
[debug] [2020-10-11T07:11:57.765Z] >>> HTTP REQUEST GET https://firebase.googleapis.com/v1beta1/projects/akimo-71450  
 
[debug] [2020-10-11T07:12:50.623Z] ----------------------------------------------------------------------
[debug] [2020-10-11T07:12:50.626Z] Command:       C:\Program Files\nodejs\node.exe C:\Users\User\AppData\Roaming\npm\node_modules\firebase-tools\lib\bin\firebase.js deploy
[debug] [2020-10-11T07:12:50.627Z] CLI Version:   8.12.1
[debug] [2020-10-11T07:12:50.627Z] Platform:      win32
[debug] [2020-10-11T07:12:50.627Z] Node Version:  v10.19.0
[debug] [2020-10-11T07:12:50.628Z] Time:          Sun Oct 11 2020 12:42:50 GMT+0530 (India Standard Time)
[debug] [2020-10-11T07:12:50.628Z] ----------------------------------------------------------------------
[debug] [2020-10-11T07:12:50.628Z] 
[debug] [2020-10-11T07:12:50.641Z] > command requires scopes: ["email","openid","https://www.googleapis.com/auth/cloudplatformprojects.readonly","https://www.googleapis.com/auth/firebase","https://www.googleapis.com/auth/cloud-platform"]
[debug] [2020-10-11T07:12:50.642Z] > authorizing via signed-in user
[debug] [2020-10-11T07:12:50.642Z] [iam] checking project akimo-71450 for permissions ["firebase.projects.get","firebasehosting.sites.update"]
[debug] [2020-10-11T07:12:50.647Z] >>> HTTP REQUEST POST https://cloudresourcemanager.googleapis.com/v1/projects/akimo-71450:testIamPermissions  
 {"permissions":["firebase.projects.get","firebasehosting.sites.update"]}
[debug] [2020-10-11T07:12:52.503Z] <<< HTTP RESPONSE 200 {"content-type":"application/json; charset=UTF-8","vary":"X-Origin, Referer, Origin,Accept-Encoding","date":"Sun, 11 Oct 2020 07:12:52 GMT","server":"ESF","cache-control":"private","x-xss-protection":"0","x-frame-options":"SAMEORIGIN","x-content-type-options":"nosniff","server-timing":"gfet4t7; dur=1395","alt-svc":"h3-Q050=\":443\"; ma=2592000,h3-29=\":443\"; ma=2592000,h3-27=\":443\"; ma=2592000,h3-T051=\":443\"; ma=2592000,h3-T050=\":443\"; ma=2592000,h3-Q046=\":443\"; ma=2592000,h3-Q043=\":443\"; ma=2592000,quic=\":443\"; ma=2592000; v=\"46,43\"","accept-ranges":"none","transfer-encoding":"chunked"}
[debug] [2020-10-11T07:12:52.512Z] >>> HTTP REQUEST GET https://firebase.googleapis.com/v1beta1/projects/akimo-71450  
 
[debug] [2020-10-11T07:13:13.644Z] Server Error. connect ETIMEDOUT 216.58.200.138:443
[debug] [2020-10-11T07:13:13.822Z] FirebaseError: Server Error. connect ETIMEDOUT 216.58.200.138:443
    at Request._callback (C:\Users\User\AppData\Roaming\npm\node_modules\firebase-tools\lib\api.js:32:31)
    at self.callback (C:\Users\User\AppData\Roaming\npm\node_modules\firebase-tools\node_modules\request\request.js:185:22)
    at Request.emit (events.js:198:13)
    at Request.EventEmitter.emit (domain.js:448:20)
    at Request.onRequestError (C:\Users\User\AppData\Roaming\npm\node_modules\firebase-tools\node_modules\request\request.js:877:8)
    at ClientRequest.emit (events.js:203:15)
    at ClientRequest.EventEmitter.emit (domain.js:448:20)
    at TLSSocket.socketErrorListener (_http_client.js:401:9)
    at TLSSocket.emit (events.js:198:13)
    at TLSSocket.EventEmitter.emit (domain.js:448:20)
    at emitErrorNT (internal/streams/destroy.js:91:8)
    at emitErrorAndCloseNT (internal/streams/destroy.js:59:3)
    at process._tickCallback (internal/process/next_tick.js:63:19)
[error] 
[error] Error: Failed to get Firebase project akimo-71450. Please make sure the project exists and your account has permission to access it.
